<?xml version="1.0" encoding="UTF-8"?>
<!-- Generated by org.testng.reporters.JUnitXMLReporter -->
<testsuite ignored="0" hostname="GPIT-PC-029" failures="1" tests="1" name="Login Tests" time="33.501" errors="0" timestamp="2025-08-25T14:35:32 IST">
  <testcase classname="tests.LoginTest" name="testValidLogin" time="10.732">
    <failure type="org.openqa.selenium.ElementClickInterceptedException" message="element click intercepted: Element &amp;lt;button _ngcontent-ng-c208276010=&amp;quot;&amp;quot; value=&amp;quot;Open&amp;quot; placement=&amp;quot;left&amp;quot; class=&amp;quot;btn add-form-btn&amp;quot;&amp;gt;...&amp;lt;/button&amp;gt; is not clickable at point (1504, 184). Other element would receive the click: &amp;lt;div _ngcontent-ng-c3940044197=&amp;quot;&amp;quot; class=&amp;quot;loader-block&amp;quot;&amp;gt;...&amp;lt;/div&amp;gt;
  (Session info: chrome=139.0.7258.138)
Build info: version: &amp;apos;4.20.0&amp;apos;, revision: &amp;apos;866c76ca80&amp;apos;
System info: os.name: &amp;apos;Windows 10&amp;apos;, os.arch: &amp;apos;amd64&amp;apos;, os.version: &amp;apos;10.0&amp;apos;, java.version: &amp;apos;21.0.8&amp;apos;
Driver info: org.openqa.selenium.chrome.ChromeDriver
Command: [7493208590b1c7f1ae7bbc76cda85842, clickElement {id=f.5047A61B1D200CFA6129268F5CFB768E.d.07A127498072D45A0314272229099550.e.327}]
Capabilities {acceptInsecureCerts: false, browserName: chrome, browserVersion: 139.0.7258.138, chrome: {chromedriverVersion: 139.0.7258.138 (884e54ea8d4..., userDataDir: C:\Users\PV191~1.GPI\AppDat...}, fedcm:accounts: true, goog:chromeOptions: {debuggerAddress: localhost:56031}, networkConnectionEnabled: false, pageLoadStrategy: normal, platformName: windows, proxy: Proxy(), se:cdp: ws://localhost:56031/devtoo..., se:cdpVersion: 139.0.7258.138, setWindowRect: true, strictFileInteractability: false, timeouts: {implicit: 0, pageLoad: 300000, script: 30000}, unhandledPromptBehavior: dismiss and notify, webauthn:extension:credBlob: true, webauthn:extension:largeBlob: true, webauthn:extension:minPinLength: true, webauthn:extension:prf: true, webauthn:virtualAuthenticators: true}
Element: [[ChromeDriver: chrome on windows (7493208590b1c7f1ae7bbc76cda85842)] -&amp;gt; xpath: (//button[normalize-space(text())=&amp;apos;Add Users&amp;apos;])[1]]
Session ID: 7493208590b1c7f1ae7bbc76cda85842">
      <![CDATA[org.openqa.selenium.ElementClickInterceptedException: element click intercepted: Element <button _ngcontent-ng-c208276010="" value="Open" placement="left" class="btn add-form-btn">...</button> is not clickable at point (1504, 184). Other element would receive the click: <div _ngcontent-ng-c3940044197="" class="loader-block">...</div>
  (Session info: chrome=139.0.7258.138)
Build info: version: '4.20.0', revision: '866c76ca80'
System info: os.name: 'Windows 10', os.arch: 'amd64', os.version: '10.0', java.version: '21.0.8'
Driver info: org.openqa.selenium.chrome.ChromeDriver
Command: [7493208590b1c7f1ae7bbc76cda85842, clickElement {id=f.5047A61B1D200CFA6129268F5CFB768E.d.07A127498072D45A0314272229099550.e.327}]
Capabilities {acceptInsecureCerts: false, browserName: chrome, browserVersion: 139.0.7258.138, chrome: {chromedriverVersion: 139.0.7258.138 (884e54ea8d4..., userDataDir: C:\Users\PV191~1.GPI\AppDat...}, fedcm:accounts: true, goog:chromeOptions: {debuggerAddress: localhost:56031}, networkConnectionEnabled: false, pageLoadStrategy: normal, platformName: windows, proxy: Proxy(), se:cdp: ws://localhost:56031/devtoo..., se:cdpVersion: 139.0.7258.138, setWindowRect: true, strictFileInteractability: false, timeouts: {implicit: 0, pageLoad: 300000, script: 30000}, unhandledPromptBehavior: dismiss and notify, webauthn:extension:credBlob: true, webauthn:extension:largeBlob: true, webauthn:extension:minPinLength: true, webauthn:extension:prf: true, webauthn:virtualAuthenticators: true}
Element: [[ChromeDriver: chrome on windows (7493208590b1c7f1ae7bbc76cda85842)] -> xpath: (//button[normalize-space(text())='Add Users'])[1]]
Session ID: 7493208590b1c7f1ae7bbc76cda85842
at org.openqa.selenium.remote.ErrorCodec.decode(ErrorCodec.java:167)
at org.openqa.selenium.remote.codec.w3c.W3CHttpResponseCodec.decode(W3CHttpResponseCodec.java:138)
at org.openqa.selenium.remote.codec.w3c.W3CHttpResponseCodec.decode(W3CHttpResponseCodec.java:50)
at org.openqa.selenium.remote.HttpCommandExecutor.execute(HttpCommandExecutor.java:190)
at org.openqa.selenium.remote.service.DriverCommandExecutor.invokeExecute(DriverCommandExecutor.java:216)
at org.openqa.selenium.remote.service.DriverCommandExecutor.execute(DriverCommandExecutor.java:174)
at org.openqa.selenium.remote.RemoteWebDriver.execute(RemoteWebDriver.java:518)
at org.openqa.selenium.remote.RemoteWebElement.execute(RemoteWebElement.java:223)
at org.openqa.selenium.remote.RemoteWebElement.click(RemoteWebElement.java:76)
at base.BasePage.click(BasePage.java:14)
at pages.Adminpage.adduser(Adminpage.java:24)
at tests.LoginTest.testValidLogin(LoginTest.java:29)
at java.base/java.util.ArrayList.forEach(ArrayList.java:1596)
... Removed 28 stack frames]]>
    </failure>
  </testcase> <!-- testValidLogin -->
</testsuite> <!-- Login Tests -->
